d:\moje pliki\programowanie\wxwidgets\wxwidgets project\wxwidgets-project\wxwidgetsproject\release\vc140.pdb
d:\moje pliki\programowanie\wxwidgets\wxwidgets project\wxwidgets-project\wxwidgetsproject\release\vector2d.obj
d:\moje pliki\programowanie\wxwidgets\wxwidgets project\wxwidgets-project\wxwidgetsproject\release\statusbar.obj
d:\moje pliki\programowanie\wxwidgets\wxwidgets project\wxwidgets-project\wxwidgetsproject\release\square.obj
d:\moje pliki\programowanie\wxwidgets\wxwidgets project\wxwidgets-project\wxwidgetsproject\release\source.obj
d:\moje pliki\programowanie\wxwidgets\wxwidgets project\wxwidgets-project\wxwidgetsproject\release\rightpanel.obj
d:\moje pliki\programowanie\wxwidgets\wxwidgets project\wxwidgets-project\wxwidgetsproject\release\menubar.obj
d:\moje pliki\programowanie\wxwidgets\wxwidgets project\wxwidgets-project\wxwidgetsproject\release\matrix2d.obj
d:\moje pliki\programowanie\wxwidgets\wxwidgets project\wxwidgets-project\wxwidgetsproject\release\mainframe.obj
d:\moje pliki\programowanie\wxwidgets\wxwidgets project\wxwidgets-project\wxwidgetsproject\release\leftpanel.obj
d:\moje pliki\programowanie\wxwidgets\wxwidgets project\wxwidgets-project\wxwidgetsproject\release\drawpanel.obj
d:\moje pliki\programowanie\wxwidgets\wxwidgets project\wxwidgets-project\wxwidgetsproject\release\drawarea.obj
d:\moje pliki\programowanie\wxwidgets\wxwidgets project\wxwidgets-project\release\wxwidgetsproject.exe
d:\moje pliki\programowanie\wxwidgets\wxwidgets project\wxwidgets-project\release\wxwidgetsproject.ipdb
d:\moje pliki\programowanie\wxwidgets\wxwidgets project\wxwidgets-project\release\wxwidgetsproject.iobj
d:\moje pliki\programowanie\wxwidgets\wxwidgets project\wxwidgets-project\release\wxwidgetsproject.pdb
d:\moje pliki\programowanie\wxwidgets\wxwidgets project\wxwidgets-project\wxwidgetsproject\release\wxwidgetsproject.tlog\cl.command.1.tlog
d:\moje pliki\programowanie\wxwidgets\wxwidgets project\wxwidgets-project\wxwidgetsproject\release\wxwidgetsproject.tlog\cl.read.1.tlog
d:\moje pliki\programowanie\wxwidgets\wxwidgets project\wxwidgets-project\wxwidgetsproject\release\wxwidgetsproject.tlog\cl.write.1.tlog
d:\moje pliki\programowanie\wxwidgets\wxwidgets project\wxwidgets-project\wxwidgetsproject\release\wxwidgetsproject.tlog\link.command.1.tlog
d:\moje pliki\programowanie\wxwidgets\wxwidgets project\wxwidgets-project\wxwidgetsproject\release\wxwidgetsproject.tlog\link.read.1.tlog
d:\moje pliki\programowanie\wxwidgets\wxwidgets project\wxwidgets-project\wxwidgetsproject\release\wxwidgetsproject.tlog\link.write.1.tlog
