  DrawArea.cpp
c:\wxwidgets-3.1.0\include\wx\wxcrt.h(209): warning C4996: 'strcpy': This function or variable may be unsafe. Consider using strcpy_s instead. To disable deprecation, use _CRT_SECURE_NO_WARNINGS. See online help for details.
  c:\program files (x86)\windows kits\10\include\10.0.10240.0\ucrt\string.h(119): note: see declaration of 'strcpy'
c:\wxwidgets-3.1.0\include\wx\wxcrt.h(211): warning C4996: 'wcscpy': This function or variable may be unsafe. Consider using wcscpy_s instead. To disable deprecation, use _CRT_SECURE_NO_WARNINGS. See online help for details.
  c:\program files (x86)\windows kits\10\include\10.0.10240.0\ucrt\corecrt_wstring.h(121): note: see declaration of 'wcscpy'
c:\wxwidgets-3.1.0\include\wx\wxcrt.h(213): warning C4996: 'strcpy': This function or variable may be unsafe. Consider using strcpy_s instead. To disable deprecation, use _CRT_SECURE_NO_WARNINGS. See online help for details.
  c:\program files (x86)\windows kits\10\include\10.0.10240.0\ucrt\string.h(119): note: see declaration of 'strcpy'
c:\wxwidgets-3.1.0\include\wx\wxcrt.h(215): warning C4996: 'strcpy': This function or variable may be unsafe. Consider using strcpy_s instead. To disable deprecation, use _CRT_SECURE_NO_WARNINGS. See online help for details.
  c:\program files (x86)\windows kits\10\include\10.0.10240.0\ucrt\string.h(119): note: see declaration of 'strcpy'
c:\wxwidgets-3.1.0\include\wx\wxcrt.h(217): warning C4996: 'strcpy': This function or variable may be unsafe. Consider using strcpy_s instead. To disable deprecation, use _CRT_SECURE_NO_WARNINGS. See online help for details.
  c:\program files (x86)\windows kits\10\include\10.0.10240.0\ucrt\string.h(119): note: see declaration of 'strcpy'
c:\wxwidgets-3.1.0\include\wx\wxcrt.h(219): warning C4996: 'wcscpy': This function or variable may be unsafe. Consider using wcscpy_s instead. To disable deprecation, use _CRT_SECURE_NO_WARNINGS. See online help for details.
  c:\program files (x86)\windows kits\10\include\10.0.10240.0\ucrt\corecrt_wstring.h(121): note: see declaration of 'wcscpy'
c:\wxwidgets-3.1.0\include\wx\wxcrt.h(221): warning C4996: 'wcscpy': This function or variable may be unsafe. Consider using wcscpy_s instead. To disable deprecation, use _CRT_SECURE_NO_WARNINGS. See online help for details.
  c:\program files (x86)\windows kits\10\include\10.0.10240.0\ucrt\corecrt_wstring.h(121): note: see declaration of 'wcscpy'
c:\wxwidgets-3.1.0\include\wx\wxcrt.h(223): warning C4996: 'wcscpy': This function or variable may be unsafe. Consider using wcscpy_s instead. To disable deprecation, use _CRT_SECURE_NO_WARNINGS. See online help for details.
  c:\program files (x86)\windows kits\10\include\10.0.10240.0\ucrt\corecrt_wstring.h(121): note: see declaration of 'wcscpy'
c:\wxwidgets-3.1.0\include\wx\wxcrt.h(225): warning C4996: 'strcpy': This function or variable may be unsafe. Consider using strcpy_s instead. To disable deprecation, use _CRT_SECURE_NO_WARNINGS. See online help for details.
  c:\program files (x86)\windows kits\10\include\10.0.10240.0\ucrt\string.h(119): note: see declaration of 'strcpy'
c:\wxwidgets-3.1.0\include\wx\wxcrt.h(227): warning C4996: 'wcscpy': This function or variable may be unsafe. Consider using wcscpy_s instead. To disable deprecation, use _CRT_SECURE_NO_WARNINGS. See online help for details.
  c:\program files (x86)\windows kits\10\include\10.0.10240.0\ucrt\corecrt_wstring.h(121): note: see declaration of 'wcscpy'
c:\wxwidgets-3.1.0\include\wx\wxcrt.h(230): warning C4996: 'strncpy': This function or variable may be unsafe. Consider using strncpy_s instead. To disable deprecation, use _CRT_SECURE_NO_WARNINGS. See online help for details.
  c:\program files (x86)\windows kits\10\include\10.0.10240.0\ucrt\string.h(346): note: see declaration of 'strncpy'
c:\wxwidgets-3.1.0\include\wx\wxcrt.h(232): warning C4996: 'wcsncpy': This function or variable may be unsafe. Consider using wcsncpy_s instead. To disable deprecation, use _CRT_SECURE_NO_WARNINGS. See online help for details.
  c:\program files (x86)\windows kits\10\include\10.0.10240.0\ucrt\corecrt_wstring.h(204): note: see declaration of 'wcsncpy'
c:\wxwidgets-3.1.0\include\wx\wxcrt.h(234): warning C4996: 'strncpy': This function or variable may be unsafe. Consider using strncpy_s instead. To disable deprecation, use _CRT_SECURE_NO_WARNINGS. See online help for details.
  c:\program files (x86)\windows kits\10\include\10.0.10240.0\ucrt\string.h(346): note: see declaration of 'strncpy'
c:\wxwidgets-3.1.0\include\wx\wxcrt.h(236): warning C4996: 'strncpy': This function or variable may be unsafe. Consider using strncpy_s instead. To disable deprecation, use _CRT_SECURE_NO_WARNINGS. See online help for details.
  c:\program files (x86)\windows kits\10\include\10.0.10240.0\ucrt\string.h(346): note: see declaration of 'strncpy'
c:\wxwidgets-3.1.0\include\wx\wxcrt.h(238): warning C4996: 'strncpy': This function or variable may be unsafe. Consider using strncpy_s instead. To disable deprecation, use _CRT_SECURE_NO_WARNINGS. See online help for details.
  c:\program files (x86)\windows kits\10\include\10.0.10240.0\ucrt\string.h(346): note: see declaration of 'strncpy'
c:\wxwidgets-3.1.0\include\wx\wxcrt.h(240): warning C4996: 'wcsncpy': This function or variable may be unsafe. Consider using wcsncpy_s instead. To disable deprecation, use _CRT_SECURE_NO_WARNINGS. See online help for details.
  c:\program files (x86)\windows kits\10\include\10.0.10240.0\ucrt\corecrt_wstring.h(204): note: see declaration of 'wcsncpy'
c:\wxwidgets-3.1.0\include\wx\wxcrt.h(242): warning C4996: 'wcsncpy': This function or variable may be unsafe. Consider using wcsncpy_s instead. To disable deprecation, use _CRT_SECURE_NO_WARNINGS. See online help for details.
  c:\program files (x86)\windows kits\10\include\10.0.10240.0\ucrt\corecrt_wstring.h(204): note: see declaration of 'wcsncpy'
c:\wxwidgets-3.1.0\include\wx\wxcrt.h(244): warning C4996: 'wcsncpy': This function or variable may be unsafe. Consider using wcsncpy_s instead. To disable deprecation, use _CRT_SECURE_NO_WARNINGS. See online help for details.
  c:\program files (x86)\windows kits\10\include\10.0.10240.0\ucrt\corecrt_wstring.h(204): note: see declaration of 'wcsncpy'
c:\wxwidgets-3.1.0\include\wx\wxcrt.h(246): warning C4996: 'strncpy': This function or variable may be unsafe. Consider using strncpy_s instead. To disable deprecation, use _CRT_SECURE_NO_WARNINGS. See online help for details.
  c:\program files (x86)\windows kits\10\include\10.0.10240.0\ucrt\string.h(346): note: see declaration of 'strncpy'
c:\wxwidgets-3.1.0\include\wx\wxcrt.h(248): warning C4996: 'wcsncpy': This function or variable may be unsafe. Consider using wcsncpy_s instead. To disable deprecation, use _CRT_SECURE_NO_WARNINGS. See online help for details.
  c:\program files (x86)\windows kits\10\include\10.0.10240.0\ucrt\corecrt_wstring.h(204): note: see declaration of 'wcsncpy'
c:\wxwidgets-3.1.0\include\wx\wxcrt.h(260): warning C4996: 'strncpy': This function or variable may be unsafe. Consider using strncpy_s instead. To disable deprecation, use _CRT_SECURE_NO_WARNINGS. See online help for details.
  c:\program files (x86)\windows kits\10\include\10.0.10240.0\ucrt\string.h(346): note: see declaration of 'strncpy'
c:\wxwidgets-3.1.0\include\wx\wxcrt.h(273): warning C4996: 'wcsncpy': This function or variable may be unsafe. Consider using wcsncpy_s instead. To disable deprecation, use _CRT_SECURE_NO_WARNINGS. See online help for details.
  c:\program files (x86)\windows kits\10\include\10.0.10240.0\ucrt\corecrt_wstring.h(204): note: see declaration of 'wcsncpy'
c:\wxwidgets-3.1.0\include\wx\wxcrt.h(281): warning C4996: 'strcat': This function or variable may be unsafe. Consider using strcat_s instead. To disable deprecation, use _CRT_SECURE_NO_WARNINGS. See online help for details.
  c:\program files (x86)\windows kits\10\include\10.0.10240.0\ucrt\string.h(90): note: see declaration of 'strcat'
c:\wxwidgets-3.1.0\include\wx\wxcrt.h(283): warning C4996: 'wcscat': This function or variable may be unsafe. Consider using wcscat_s instead. To disable deprecation, use _CRT_SECURE_NO_WARNINGS. See online help for details.
  c:\program files (x86)\windows kits\10\include\10.0.10240.0\ucrt\corecrt_wstring.h(101): note: see declaration of 'wcscat'
c:\wxwidgets-3.1.0\include\wx\wxcrt.h(285): warning C4996: 'strcat': This function or variable may be unsafe. Consider using strcat_s instead. To disable deprecation, use _CRT_SECURE_NO_WARNINGS. See online help for details.
  c:\program files (x86)\windows kits\10\include\10.0.10240.0\ucrt\string.h(90): note: see declaration of 'strcat'
c:\wxwidgets-3.1.0\include\wx\wxcrt.h(287): warning C4996: 'strcat': This function or variable may be unsafe. Consider using strcat_s instead. To disable deprecation, use _CRT_SECURE_NO_WARNINGS. See online help for details.
  c:\program files (x86)\windows kits\10\include\10.0.10240.0\ucrt\string.h(90): note: see declaration of 'strcat'
c:\wxwidgets-3.1.0\include\wx\wxcrt.h(289): warning C4996: 'strcat': This function or variable may be unsafe. Consider using strcat_s instead. To disable deprecation, use _CRT_SECURE_NO_WARNINGS. See online help for details.
  c:\program files (x86)\windows kits\10\include\10.0.10240.0\ucrt\string.h(90): note: see declaration of 'strcat'
c:\wxwidgets-3.1.0\include\wx\wxcrt.h(291): warning C4996: 'wcscat': This function or variable may be unsafe. Consider using wcscat_s instead. To disable deprecation, use _CRT_SECURE_NO_WARNINGS. See online help for details.
  c:\program files (x86)\windows kits\10\include\10.0.10240.0\ucrt\corecrt_wstring.h(101): note: see declaration of 'wcscat'
c:\wxwidgets-3.1.0\include\wx\wxcrt.h(293): warning C4996: 'wcscat': This function or variable may be unsafe. Consider using wcscat_s instead. To disable deprecation, use _CRT_SECURE_NO_WARNINGS. See online help for details.
  c:\program files (x86)\windows kits\10\include\10.0.10240.0\ucrt\corecrt_wstring.h(101): note: see declaration of 'wcscat'
c:\wxwidgets-3.1.0\include\wx\wxcrt.h(295): warning C4996: 'wcscat': This function or variable may be unsafe. Consider using wcscat_s instead. To disable deprecation, use _CRT_SECURE_NO_WARNINGS. See online help for details.
  c:\program files (x86)\windows kits\10\include\10.0.10240.0\ucrt\corecrt_wstring.h(101): note: see declaration of 'wcscat'
c:\wxwidgets-3.1.0\include\wx\wxcrt.h(297): warning C4996: 'strcat': This function or variable may be unsafe. Consider using strcat_s instead. To disable deprecation, use _CRT_SECURE_NO_WARNINGS. See online help for details.
  c:\program files (x86)\windows kits\10\include\10.0.10240.0\ucrt\string.h(90): note: see declaration of 'strcat'
c:\wxwidgets-3.1.0\include\wx\wxcrt.h(299): warning C4996: 'wcscat': This function or variable may be unsafe. Consider using wcscat_s instead. To disable deprecation, use _CRT_SECURE_NO_WARNINGS. See online help for details.
  c:\program files (x86)\windows kits\10\include\10.0.10240.0\ucrt\corecrt_wstring.h(101): note: see declaration of 'wcscat'
c:\wxwidgets-3.1.0\include\wx\wxcrt.h(302): warning C4996: 'strncat': This function or variable may be unsafe. Consider using strncat_s instead. To disable deprecation, use _CRT_SECURE_NO_WARNINGS. See online help for details.
  c:\program files (x86)\windows kits\10\include\10.0.10240.0\ucrt\string.h(255): note: see declaration of 'strncat'
c:\wxwidgets-3.1.0\include\wx\wxcrt.h(304): warning C4996: 'wcsncat': This function or variable may be unsafe. Consider using wcsncat_s instead. To disable deprecation, use _CRT_SECURE_NO_WARNINGS. See online help for details.
  c:\program files (x86)\windows kits\10\include\10.0.10240.0\ucrt\corecrt_wstring.h(182): note: see declaration of 'wcsncat'
c:\wxwidgets-3.1.0\include\wx\wxcrt.h(306): warning C4996: 'strncat': This function or variable may be unsafe. Consider using strncat_s instead. To disable deprecation, use _CRT_SECURE_NO_WARNINGS. See online help for details.
  c:\program files (x86)\windows kits\10\include\10.0.10240.0\ucrt\string.h(255): note: see declaration of 'strncat'
c:\wxwidgets-3.1.0\include\wx\wxcrt.h(308): warning C4996: 'strncat': This function or variable may be unsafe. Consider using strncat_s instead. To disable deprecation, use _CRT_SECURE_NO_WARNINGS. See online help for details.
  c:\program files (x86)\windows kits\10\include\10.0.10240.0\ucrt\string.h(255): note: see declaration of 'strncat'
c:\wxwidgets-3.1.0\include\wx\wxcrt.h(310): warning C4996: 'strncat': This function or variable may be unsafe. Consider using strncat_s instead. To disable deprecation, use _CRT_SECURE_NO_WARNINGS. See online help for details.
  c:\program files (x86)\windows kits\10\include\10.0.10240.0\ucrt\string.h(255): note: see declaration of 'strncat'
c:\wxwidgets-3.1.0\include\wx\wxcrt.h(312): warning C4996: 'wcsncat': This function or variable may be unsafe. Consider using wcsncat_s instead. To disable deprecation, use _CRT_SECURE_NO_WARNINGS. See online help for details.
  c:\program files (x86)\windows kits\10\include\10.0.10240.0\ucrt\corecrt_wstring.h(182): note: see declaration of 'wcsncat'
c:\wxwidgets-3.1.0\include\wx\wxcrt.h(314): warning C4996: 'wcsncat': This function or variable may be unsafe. Consider using wcsncat_s instead. To disable deprecation, use _CRT_SECURE_NO_WARNINGS. See online help for details.
  c:\program files (x86)\windows kits\10\include\10.0.10240.0\ucrt\corecrt_wstring.h(182): note: see declaration of 'wcsncat'
c:\wxwidgets-3.1.0\include\wx\wxcrt.h(316): warning C4996: 'wcsncat': This function or variable may be unsafe. Consider using wcsncat_s instead. To disable deprecation, use _CRT_SECURE_NO_WARNINGS. See online help for details.
  c:\program files (x86)\windows kits\10\include\10.0.10240.0\ucrt\corecrt_wstring.h(182): note: see declaration of 'wcsncat'
c:\wxwidgets-3.1.0\include\wx\wxcrt.h(318): warning C4996: 'strncat': This function or variable may be unsafe. Consider using strncat_s instead. To disable deprecation, use _CRT_SECURE_NO_WARNINGS. See online help for details.
  c:\program files (x86)\windows kits\10\include\10.0.10240.0\ucrt\string.h(255): note: see declaration of 'strncat'
c:\wxwidgets-3.1.0\include\wx\wxcrt.h(320): warning C4996: 'wcsncat': This function or variable may be unsafe. Consider using wcsncat_s instead. To disable deprecation, use _CRT_SECURE_NO_WARNINGS. See online help for details.
  c:\program files (x86)\windows kits\10\include\10.0.10240.0\ucrt\corecrt_wstring.h(182): note: see declaration of 'wcsncat'
c:\wxwidgets-3.1.0\include\wx\wxcrt.h(753): warning C4996: '_wfopen': This function or variable may be unsafe. Consider using _wfopen_s instead. To disable deprecation, use _CRT_SECURE_NO_WARNINGS. See online help for details.
  c:\program files (x86)\windows kits\10\include\10.0.10240.0\ucrt\corecrt_wstdio.h(129): note: see declaration of '_wfopen'
c:\wxwidgets-3.1.0\include\wx\wxcrt.h(755): warning C4996: '_wfreopen': This function or variable may be unsafe. Consider using _wfreopen_s instead. To disable deprecation, use _CRT_SECURE_NO_WARNINGS. See online help for details.
  c:\program files (x86)\windows kits\10\include\10.0.10240.0\ucrt\corecrt_wstdio.h(143): note: see declaration of '_wfreopen'
c:\wxwidgets-3.1.0\include\wx\wxcrt.h(917): warning C4996: 'getenv': This function or variable may be unsafe. Consider using _dupenv_s instead. To disable deprecation, use _CRT_SECURE_NO_WARNINGS. See online help for details.
  c:\program files (x86)\windows kits\10\include\10.0.10240.0\ucrt\stdlib.h(1183): note: see declaration of 'getenv'
c:\wxwidgets-3.1.0\include\wx\wxcrt.h(918): warning C4996: '_wgetenv': This function or variable may be unsafe. Consider using _wdupenv_s instead. To disable deprecation, use _CRT_SECURE_NO_WARNINGS. See online help for details.
  c:\program files (x86)\windows kits\10\include\10.0.10240.0\ucrt\corecrt_wstdlib.h(416): note: see declaration of '_wgetenv'
c:\wxwidgets-3.1.0\include\wx\wxcrt.h(919): warning C4996: 'getenv': This function or variable may be unsafe. Consider using _dupenv_s instead. To disable deprecation, use _CRT_SECURE_NO_WARNINGS. See online help for details.
  c:\program files (x86)\windows kits\10\include\10.0.10240.0\ucrt\stdlib.h(1183): note: see declaration of 'getenv'
c:\wxwidgets-3.1.0\include\wx\wxcrt.h(920): warning C4996: 'getenv': This function or variable may be unsafe. Consider using _dupenv_s instead. To disable deprecation, use _CRT_SECURE_NO_WARNINGS. See online help for details.
  c:\program files (x86)\windows kits\10\include\10.0.10240.0\ucrt\stdlib.h(1183): note: see declaration of 'getenv'
c:\wxwidgets-3.1.0\include\wx\wxcrt.h(921): warning C4996: 'getenv': This function or variable may be unsafe. Consider using _dupenv_s instead. To disable deprecation, use _CRT_SECURE_NO_WARNINGS. See online help for details.
  c:\program files (x86)\windows kits\10\include\10.0.10240.0\ucrt\stdlib.h(1183): note: see declaration of 'getenv'
c:\wxwidgets-3.1.0\include\wx\wxcrt.h(922): warning C4996: '_wgetenv': This function or variable may be unsafe. Consider using _wdupenv_s instead. To disable deprecation, use _CRT_SECURE_NO_WARNINGS. See online help for details.
  c:\program files (x86)\windows kits\10\include\10.0.10240.0\ucrt\corecrt_wstdlib.h(416): note: see declaration of '_wgetenv'
c:\wxwidgets-3.1.0\include\wx\filefn.h(426): warning C4996: '_wopen': This function or variable may be unsafe. Consider using _wsopen_s instead. To disable deprecation, use _CRT_SECURE_NO_WARNINGS. See online help for details.
  c:\program files (x86)\windows kits\10\include\10.0.10240.0\ucrt\corecrt_wio.h(227): note: see declaration of '_wopen'
d:\moje pliki\programowanie\wxwidgets\wxwidgets project\wxwidgets-project\wxwidgetsproject\drawarea.cpp(115): warning C4838: conversion from 'int' to 'float' requires a narrowing conversion
  WxWidgetsProject.vcxproj -> D:\Moje pliki\programowanie\wxWidgets\WxWidgets project\wxWidgets-project\Debug\WxWidgetsProject.exe
  WxWidgetsProject.vcxproj -> D:\Moje pliki\programowanie\wxWidgets\WxWidgets project\wxWidgets-project\Debug\WxWidgetsProject.pdb (Full PDB)
