d:\moje pliki\programowanie\wxwidgets\wxwidgets project\wxwidgets-project\wxwidgetsproject\debug\vc140.pdb
d:\moje pliki\programowanie\wxwidgets\wxwidgets project\wxwidgets-project\wxwidgetsproject\debug\vc140.idb
d:\moje pliki\programowanie\wxwidgets\wxwidgets project\wxwidgets-project\wxwidgetsproject\debug\drawarea.obj
d:\moje pliki\programowanie\wxwidgets\wxwidgets project\wxwidgets-project\wxwidgetsproject\debug\drawpanel.obj
d:\moje pliki\programowanie\wxwidgets\wxwidgets project\wxwidgets-project\wxwidgetsproject\debug\leftpanel.obj
d:\moje pliki\programowanie\wxwidgets\wxwidgets project\wxwidgets-project\wxwidgetsproject\debug\mainframe.obj
d:\moje pliki\programowanie\wxwidgets\wxwidgets project\wxwidgets-project\wxwidgetsproject\debug\matrix2d.obj
d:\moje pliki\programowanie\wxwidgets\wxwidgets project\wxwidgets-project\wxwidgetsproject\debug\menubar.obj
d:\moje pliki\programowanie\wxwidgets\wxwidgets project\wxwidgets-project\wxwidgetsproject\debug\rightpanel.obj
d:\moje pliki\programowanie\wxwidgets\wxwidgets project\wxwidgets-project\wxwidgetsproject\debug\source.obj
d:\moje pliki\programowanie\wxwidgets\wxwidgets project\wxwidgets-project\wxwidgetsproject\debug\square.obj
d:\moje pliki\programowanie\wxwidgets\wxwidgets project\wxwidgets-project\wxwidgetsproject\debug\statusbar.obj
d:\moje pliki\programowanie\wxwidgets\wxwidgets project\wxwidgets-project\wxwidgetsproject\debug\vector2d.obj
d:\moje pliki\programowanie\wxwidgets\wxwidgets project\wxwidgets-project\debug\wxwidgetsproject.ilk
d:\moje pliki\programowanie\wxwidgets\wxwidgets project\wxwidgets-project\debug\wxwidgetsproject.exe
d:\moje pliki\programowanie\wxwidgets\wxwidgets project\wxwidgets-project\debug\wxwidgetsproject.pdb
d:\moje pliki\programowanie\wxwidgets\wxwidgets project\wxwidgets-project\wxwidgetsproject\debug\wxwidgetsproject.tlog\cl.command.1.tlog
d:\moje pliki\programowanie\wxwidgets\wxwidgets project\wxwidgets-project\wxwidgetsproject\debug\wxwidgetsproject.tlog\cl.read.1.tlog
d:\moje pliki\programowanie\wxwidgets\wxwidgets project\wxwidgets-project\wxwidgetsproject\debug\wxwidgetsproject.tlog\cl.write.1.tlog
d:\moje pliki\programowanie\wxwidgets\wxwidgets project\wxwidgets-project\wxwidgetsproject\debug\wxwidgetsproject.tlog\link.command.1.tlog
d:\moje pliki\programowanie\wxwidgets\wxwidgets project\wxwidgets-project\wxwidgetsproject\debug\wxwidgetsproject.tlog\link.read.1.tlog
d:\moje pliki\programowanie\wxwidgets\wxwidgets project\wxwidgets-project\wxwidgetsproject\debug\wxwidgetsproject.tlog\link.write.1.tlog
